<?xml version="1.0" encoding="UTF-8"?>
<TestRun id="74721c9d-395d-46a8-b9be-44e6cf839407" name="kmaher@TS05 2011-09-30 13:47:05" runUser="APPLEGATE\kmaher" xmlns="http://microsoft.com/schemas/VisualStudio/TeamTest/2010">
  <TestSettings name="Local" id="7e752d64-0f92-4abb-bfad-8a3987ce4aea">
    <Description>These are default test settings for a local test run.</Description>
    <Deployment enabled="false" runDeploymentRoot="kmaher_TS05 2011-09-30 13_47_05">
      <DeploymentItem filename="C:\Users\kmaher\Desktop\MarsRover\MarsRover\bin\Debug\MarsRover.exe" />
    </Deployment>
    <Execution>
      <TestTypeSpecific />
      <AgentRule name="Execution Agents">
      </AgentRule>
    </Execution>
  </TestSettings>
  <Times creation="2011-09-30T13:47:05.2505206-07:00" queuing="2011-09-30T13:47:05.5125206-07:00" start="2011-09-30T13:47:05.5485206-07:00" finish="2011-09-30T13:47:05.7815206-07:00" />
  <ResultSummary outcome="Completed">
    <Counters total="1" executed="1" passed="1" error="0" failed="0" timeout="0" aborted="0" inconclusive="0" passedButRunAborted="0" notRunnable="0" notExecuted="0" disconnected="0" warning="0" completed="0" inProgress="0" pending="0" />
  </ResultSummary>
  <TestDefinitions>
    <UnitTest name="PlexisChallenge" storage="c:\users\kmaher\desktop\marsrover\marsrovertest\bin\debug\marsrovertest.dll" id="d7803b95-b585-e690-d2d0-274bd23b9d87">
      <Execution id="d257a3bc-83a9-483a-a5ca-02dd5ccee39b" />
      <TestMethod codeBase="C:/Users/kmaher/Desktop/MarsRover/MarsRoverTest/bin/Debug/MarsRoverTest.DLL" adapterTypeName="Microsoft.VisualStudio.TestTools.TestTypes.Unit.UnitTestAdapter, Microsoft.VisualStudio.QualityTools.Tips.UnitTest.Adapter, Version=10.0.0.0, Culture=neutral, PublicKeyToken=b03f5f7f11d50a3a" className="MarsRoverTest.RoverTest, MarsRoverTest, Version=1.0.0.0, Culture=neutral, PublicKeyToken=null" name="PlexisChallenge" />
    </UnitTest>
  </TestDefinitions>
  <TestLists>
    <TestList name="Results Not in a List" id="8c84fa94-04c1-424b-9868-57a2d4851a1d" />
    <TestList name="All Loaded Results" id="19431567-8539-422a-85d7-44ee4e166bda" />
  </TestLists>
  <TestEntries>
    <TestEntry testId="d7803b95-b585-e690-d2d0-274bd23b9d87" executionId="d257a3bc-83a9-483a-a5ca-02dd5ccee39b" testListId="8c84fa94-04c1-424b-9868-57a2d4851a1d" />
  </TestEntries>
  <Results>
    <UnitTestResult executionId="d257a3bc-83a9-483a-a5ca-02dd5ccee39b" testId="d7803b95-b585-e690-d2d0-274bd23b9d87" testName="PlexisChallenge" computerName="TS05" duration="00:00:00.0182550" startTime="2011-09-30T13:47:05.5555206-07:00" endTime="2011-09-30T13:47:05.7175206-07:00" testType="13cdc9d9-ddb5-4fa4-a97d-d965ccfc6d4b" outcome="Passed" testListId="8c84fa94-04c1-424b-9868-57a2d4851a1d" relativeResultsDirectory="d257a3bc-83a9-483a-a5ca-02dd5ccee39b">
    </UnitTestResult>
  </Results>
</TestRun>